0 info it worked if it ends with ok
1 verbose cli [ '/Users/pearsallw/.nvm/versions/node/v7.3.0/bin/node',
1 verbose cli   '/Users/pearsallw/.nvm/versions/node/v7.3.0/bin/npm',
1 verbose cli   'run',
1 verbose cli   'build' ]
2 info using npm@3.10.10
3 info using node@v7.3.0
4 verbose run-script [ 'prebuild', 'build', 'postbuild' ]
5 info lifecycle file-format-verification-tool@0.0.0~prebuild: file-format-verification-tool@0.0.0
6 silly lifecycle file-format-verification-tool@0.0.0~prebuild: no script for prebuild, continuing
7 info lifecycle file-format-verification-tool@0.0.0~build: file-format-verification-tool@0.0.0
8 verbose lifecycle file-format-verification-tool@0.0.0~build: unsafe-perm in lifecycle true
9 verbose lifecycle file-format-verification-tool@0.0.0~build: PATH: /Users/pearsallw/.nvm/versions/node/v7.3.0/lib/node_modules/npm/bin/node-gyp-bin:/Users/pearsallw/Desktop/hmda/file-format-verification/node_modules/.bin:/Users/pearsallw/.nvm/versions/node/v7.3.0/bin:/Users/pearsallw/homebrew/bin:/usr/local/bin:/usr/bin:/bin:/usr/sbin:/sbin:/usr/local/bin:/usr/bin:/usr/sbin:/bin:/sbin:/usr/local/git/bin::/Users/pearsallw/go/bin
10 verbose lifecycle file-format-verification-tool@0.0.0~build: CWD: /Users/pearsallw/Desktop/hmda/file-format-verification
11 silly lifecycle file-format-verification-tool@0.0.0~build: Args: [ '-c',
11 silly lifecycle   'npm run js && npm run sass && npm run html && npm run img' ]
12 silly lifecycle file-format-verification-tool@0.0.0~build: Returned: code: 1  signal: null
13 info lifecycle file-format-verification-tool@0.0.0~build: Failed to exec build script
14 verbose stack Error: file-format-verification-tool@0.0.0 build: `npm run js && npm run sass && npm run html && npm run img`
14 verbose stack Exit status 1
14 verbose stack     at EventEmitter.<anonymous> (/Users/pearsallw/.nvm/versions/node/v7.3.0/lib/node_modules/npm/lib/utils/lifecycle.js:255:16)
14 verbose stack     at emitTwo (events.js:106:13)
14 verbose stack     at EventEmitter.emit (events.js:191:7)
14 verbose stack     at ChildProcess.<anonymous> (/Users/pearsallw/.nvm/versions/node/v7.3.0/lib/node_modules/npm/lib/utils/spawn.js:40:14)
14 verbose stack     at emitTwo (events.js:106:13)
14 verbose stack     at ChildProcess.emit (events.js:191:7)
14 verbose stack     at maybeClose (internal/child_process.js:885:16)
14 verbose stack     at Process.ChildProcess._handle.onexit (internal/child_process.js:226:5)
15 verbose pkgid file-format-verification-tool@0.0.0
16 verbose cwd /Users/pearsallw/Desktop/hmda/file-format-verification/src
17 error Darwin 14.5.0
18 error argv "/Users/pearsallw/.nvm/versions/node/v7.3.0/bin/node" "/Users/pearsallw/.nvm/versions/node/v7.3.0/bin/npm" "run" "build"
19 error node v7.3.0
20 error npm  v3.10.10
21 error code ELIFECYCLE
22 error file-format-verification-tool@0.0.0 build: `npm run js && npm run sass && npm run html && npm run img`
22 error Exit status 1
23 error Failed at the file-format-verification-tool@0.0.0 build script 'npm run js && npm run sass && npm run html && npm run img'.
23 error Make sure you have the latest version of node.js and npm installed.
23 error If you do, this is most likely a problem with the file-format-verification-tool package,
23 error not with npm itself.
23 error Tell the author that this fails on your system:
23 error     npm run js && npm run sass && npm run html && npm run img
23 error You can get information on how to open an issue for this project with:
23 error     npm bugs file-format-verification-tool
23 error Or if that isn't available, you can get their info via:
23 error     npm owner ls file-format-verification-tool
23 error There is likely additional logging output above.
24 verbose exit [ 1, true ]
